<?xml version="1.0" encoding="UTF-8"?>
<testsuites>
  <testsuite name="" tests="1" assertions="1" errors="0" warnings="0" failures="1" skipped="0" time="0.004913">
    <testsuite name="Laravel Clickhouse Test Suite" tests="1" assertions="1" errors="0" warnings="0" failures="1" skipped="0" time="0.004913">
      <testsuite name="ChurakovMike\Project\Tests\TestClassTest" file="D:\OpenServer\domains\phplarasandbox\packages\churakovmike\project\tests\TestClassTest.php" tests="1" assertions="1" errors="0" warnings="0" failures="1" skipped="0" time="0.004913">
        <testcase name="testPackage" class="ChurakovMike\Project\Tests\TestClassTest" classname="ChurakovMike.Project.Tests.TestClassTest" file="D:\OpenServer\domains\phplarasandbox\packages\churakovmike\project\tests\TestClassTest.php" line="10" assertions="1" time="0.004913">
          <failure type="PHPUnit\Framework\ExpectationFailedException">ChurakovMike\Project\Tests\TestClassTest::testPackage
Failed asserting that two strings are equal.
--- Expected
+++ Actual
@@ @@
-'foo'
+'func1'

D:\OpenServer\domains\phplarasandbox\packages\churakovmike\project\tests\TestClassTest.php:13</failure>
        </testcase>
      </testsuite>
    </testsuite>
  </testsuite>
</testsuites>
